{"level":"info","message":"[mongoMeili] Creating new index: convos"}
{"level":"info","message":"[mongoMeili] Creating new index: convos"}
{"level":"info","message":"[mongoMeili] Creating new index: messages"}
{"level":"info","message":"[mongoMeili] Creating new index: messages"}
{"level":"info","message":"[mongoMeili] Successfully created index: convos"}
{"level":"info","message":"[mongoMeili] Successfully created index: convos"}
{"level":"info","message":"[mongoMeili] Successfully created index: messages"}
{"level":"info","message":"[mongoMeili] Successfully created index: messages"}
{"level":"debug","message":"[mongoMeili] Updated index convos settings to make 'user' filterable"}
{"level":"debug","message":"[mongoMeili] Updated index convos settings to make 'user' filterable"}
{"level":"debug","message":"[mongoMeili] Updated index messages settings to make 'user' filterable"}
{"level":"debug","message":"[mongoMeili] Updated index messages settings to make 'user' filterable"}
{"level":"debug","message":"[mongoMeili] Index messages already exists"}
{"level":"debug","message":"[mongoMeili] Index convos already exists"}
{"level":"debug","message":"[mongoMeili] Index convos already exists"}
{"level":"debug","message":"[mongoMeili] Index messages already exists"}
{"level":"debug","message":"[mongoMeili] Updated index messages settings to make 'user' filterable"}
{"level":"debug","message":"[mongoMeili] Updated index convos settings to make 'user' filterable"}
{"level":"debug","message":"[mongoMeili] Updated index convos settings to make 'user' filterable"}
{"level":"debug","message":"[mongoMeili] Updated index messages settings to make 'user' filterable"}
{"level":"debug","message":"[mongoMeili] Index convos already exists"}
{"level":"debug","message":"[mongoMeili] Index messages already exists"}
{"level":"debug","message":"[mongoMeili] Index convos already exists"}
{"level":"debug","message":"[mongoMeili] Index messages already exists"}
{"level":"debug","message":"[mongoMeili] Updated index convos settings to make 'user' filterable"}
{"level":"debug","message":"[mongoMeili] Updated index messages settings to make 'user' filterable"}
{"level":"debug","message":"[mongoMeili] Updated index convos settings to make 'user' filterable"}
{"level":"debug","message":"[mongoMeili] Updated index messages settings to make 'user' filterable"}
{"level":"debug","message":"[mongoMeili] Index messages already exists"}
{"level":"debug","message":"[mongoMeili] Index messages already exists"}
{"level":"debug","message":"[mongoMeili] Index convos already exists"}
{"level":"debug","message":"[mongoMeili] Index convos already exists"}
{"level":"debug","message":"[mongoMeili] Updated index messages settings to make 'user' filterable"}
{"level":"debug","message":"[mongoMeili] Updated index messages settings to make 'user' filterable"}
{"level":"debug","message":"[mongoMeili] Updated index convos settings to make 'user' filterable"}
{"level":"debug","message":"[mongoMeili] Updated index convos settings to make 'user' filterable"}
{"level":"debug","message":"[mongoMeili] Index messages already exists"}
{"level":"debug","message":"[mongoMeili] Index convos already exists"}
{"level":"debug","message":"[mongoMeili] Index messages already exists"}
{"level":"debug","message":"[mongoMeili] Index convos already exists"}
{"level":"debug","message":"[mongoMeili] Updated index messages settings to make 'user' filterable"}
{"level":"debug","message":"[mongoMeili] Updated index convos settings to make 'user' filterable"}
{"level":"debug","message":"[mongoMeili] Updated index messages settings to make 'user' filterable"}
{"level":"debug","message":"[mongoMeili] Updated index convos settings to make 'user' filterable"}
{"level":"debug","message":"[mongoMeili] Index messages already exists"}
{"level":"debug","message":"[mongoMeili] Index messages already exists"}
{"level":"debug","message":"[mongoMeili] Index convos already exists"}
{"level":"debug","message":"[mongoMeili] Index convos already exists"}
{"level":"debug","message":"[mongoMeili] Updated index messages settings to make 'user' filterable"}
{"level":"debug","message":"[mongoMeili] Updated index messages settings to make 'user' filterable"}
{"level":"debug","message":"[mongoMeili] Updated index convos settings to make 'user' filterable"}
{"level":"debug","message":"[mongoMeili] Updated index convos settings to make 'user' filterable"}
{"level":"debug","message":"[mongoMeili] Index convos already exists"}
{"level":"debug","message":"[mongoMeili] Index convos already exists"}
{"level":"debug","message":"[mongoMeili] Index messages already exists"}
{"level":"debug","message":"[mongoMeili] Index messages already exists"}
{"level":"debug","message":"[mongoMeili] Updated index convos settings to make 'user' filterable"}
{"level":"debug","message":"[mongoMeili] Updated index convos settings to make 'user' filterable"}
{"level":"debug","message":"[mongoMeili] Updated index messages settings to make 'user' filterable"}
{"level":"debug","message":"[mongoMeili] Updated index messages settings to make 'user' filterable"}
