{"level":"error","message":"[mongoMeili] Error checking index convos: fetch failed","name":"MeiliSearchCommunicationError","stack":"MeiliSearchCommunicationError: fetch failed\n    at node:internal/deps/undici/undici:15845:13\n    at processTicksAndRejections (node:internal/process/task_queues:105:5)"}
{"level":"error","message":"[mongoMeili] Error checking index messages: fetch failed","name":"MeiliSearchCommunicationError","stack":"MeiliSearchCommunicationError: fetch failed\n    at node:internal/deps/undici/undici:15845:13\n    at processTicksAndRejections (node:internal/process/task_queues:105:5)"}
{"level":"error","message":"[mongoMeili] Error updating index settings for convos: fetch failed","name":"MeiliSearchCommunicationError","stack":"MeiliSearchCommunicationError: fetch failed\n    at node:internal/deps/undici/undici:15845:13\n    at processTicksAndRejections (node:internal/process/task_queues:105:5)"}
{"level":"error","message":"[mongoMeili] Error updating index settings for messages: fetch failed","name":"MeiliSearchCommunicationError","stack":"MeiliSearchCommunicationError: fetch failed\n    at node:internal/deps/undici/undici:15845:13\n    at processTicksAndRejections (node:internal/process/task_queues:105:5)"}
{"level":"error","message":"[mongoMeili] Error checking index convos: fetch failed","name":"MeiliSearchCommunicationError","stack":"MeiliSearchCommunicationError: fetch failed\n    at node:internal/deps/undici/undici:15845:13\n    at processTicksAndRejections (node:internal/process/task_queues:105:5)"}
{"level":"error","message":"[mongoMeili] Error checking index messages: fetch failed","name":"MeiliSearchCommunicationError","stack":"MeiliSearchCommunicationError: fetch failed\n    at node:internal/deps/undici/undici:15845:13\n    at processTicksAndRejections (node:internal/process/task_queues:105:5)"}
{"level":"error","message":"[mongoMeili] Error updating index settings for convos: fetch failed","name":"MeiliSearchCommunicationError","stack":"MeiliSearchCommunicationError: fetch failed\n    at node:internal/deps/undici/undici:15845:13\n    at processTicksAndRejections (node:internal/process/task_queues:105:5)"}
{"level":"error","message":"[mongoMeili] Error updating index settings for messages: fetch failed","name":"MeiliSearchCommunicationError","stack":"MeiliSearchCommunicationError: fetch failed\n    at node:internal/deps/undici/undici:15845:13\n    at processTicksAndRejections (node:internal/process/task_queues:105:5)"}
{"level":"error","message":"[mongoMeili] Error checking index convos: fetch failed","name":"MeiliSearchCommunicationError","stack":"MeiliSearchCommunicationError: fetch failed\n    at node:internal/deps/undici/undici:15845:13\n    at processTicksAndRejections (node:internal/process/task_queues:105:5)"}
{"level":"error","message":"[mongoMeili] Error checking index messages: fetch failed","name":"MeiliSearchCommunicationError","stack":"MeiliSearchCommunicationError: fetch failed\n    at node:internal/deps/undici/undici:15845:13\n    at processTicksAndRejections (node:internal/process/task_queues:105:5)"}
{"level":"error","message":"[mongoMeili] Error updating index settings for convos: fetch failed","name":"MeiliSearchCommunicationError","stack":"MeiliSearchCommunicationError: fetch failed\n    at node:internal/deps/undici/undici:15845:13\n    at processTicksAndRejections (node:internal/process/task_queues:105:5)"}
{"level":"error","message":"[mongoMeili] Error updating index settings for messages: fetch failed","name":"MeiliSearchCommunicationError","stack":"MeiliSearchCommunicationError: fetch failed\n    at node:internal/deps/undici/undici:15845:13\n    at processTicksAndRejections (node:internal/process/task_queues:105:5)"}
{"level":"debug","message":"[mongoMeili] Index convos already exists"}
{"level":"debug","message":"[mongoMeili] Index messages already exists"}
{"level":"debug","message":"[mongoMeili] Updated index convos settings to make 'user' filterable"}
{"level":"debug","message":"[mongoMeili] Updated index messages settings to make 'user' filterable"}
{"level":"debug","message":"[mongoMeili] Index convos already exists"}
{"level":"debug","message":"[mongoMeili] Index messages already exists"}
{"level":"debug","message":"[mongoMeili] Updated index convos settings to make 'user' filterable"}
{"level":"debug","message":"[mongoMeili] Updated index messages settings to make 'user' filterable"}
{"level":"debug","message":"[mongoMeili] Index convos already exists"}
{"level":"debug","message":"[mongoMeili] Index messages already exists"}
{"level":"debug","message":"[mongoMeili] Updated index convos settings to make 'user' filterable"}
{"level":"debug","message":"[mongoMeili] Updated index messages settings to make 'user' filterable"}
{"level":"debug","message":"[mongoMeili] Index convos already exists"}
{"level":"debug","message":"[mongoMeili] Index messages already exists"}
{"level":"debug","message":"[mongoMeili] Updated index convos settings to make 'user' filterable"}
{"level":"debug","message":"[mongoMeili] Updated index messages settings to make 'user' filterable"}
{"level":"debug","message":"[mongoMeili] Index convos already exists"}
{"level":"debug","message":"[mongoMeili] Index messages already exists"}
{"level":"debug","message":"[mongoMeili] Updated index convos settings to make 'user' filterable"}
{"level":"debug","message":"[mongoMeili] Updated index messages settings to make 'user' filterable"}
{"level":"debug","message":"[mongoMeili] Index messages already exists"}
{"level":"debug","message":"[mongoMeili] Index convos already exists"}
{"level":"debug","message":"[mongoMeili] Updated index messages settings to make 'user' filterable"}
{"level":"debug","message":"[mongoMeili] Updated index convos settings to make 'user' filterable"}
{"level":"debug","message":"[mongoMeili] Index convos already exists"}
{"level":"debug","message":"[mongoMeili] Index messages already exists"}
{"level":"debug","message":"[mongoMeili] Updated index convos settings to make 'user' filterable"}
{"level":"debug","message":"[mongoMeili] Updated index messages settings to make 'user' filterable"}
{"level":"debug","message":"[mongoMeili] Index convos already exists"}
{"level":"debug","message":"[mongoMeili] Index messages already exists"}
{"level":"debug","message":"[mongoMeili] Updated index convos settings to make 'user' filterable"}
{"level":"debug","message":"[mongoMeili] Updated index messages settings to make 'user' filterable"}
{"level":"debug","message":"[mongoMeili] Index messages already exists"}
{"level":"debug","message":"[mongoMeili] Index convos already exists"}
{"level":"debug","message":"[mongoMeili] Updated index messages settings to make 'user' filterable"}
{"level":"debug","message":"[mongoMeili] Updated index convos settings to make 'user' filterable"}
{"level":"debug","message":"[mongoMeili] Index messages already exists"}
{"level":"debug","message":"[mongoMeili] Index convos already exists"}
{"level":"debug","message":"[mongoMeili] Updated index messages settings to make 'user' filterable"}
{"level":"debug","message":"[mongoMeili] Updated index convos settings to make 'user' filterable"}
